Submission-4: Phase 22 depth-3 compose + unsolved conv pass
Task   1: UNSOLVED
Task   2: UNSOLVED
Task   3: UNSOLVED
Task   4: UNSOLVED
Task   5: UNSOLVED
Task   7: UNSOLVED
Task   8: UNSOLVED
Task   9: UNSOLVED
Task  10: UNSOLVED
Task  11: UNSOLVED
Task  13: UNSOLVED
Task  14: UNSOLVED
Task  17: UNSOLVED
Task  18: UNSOLVED
Task  19: UNSOLVED
Task  20: UNSOLVED
Task  21: UNSOLVED
Task  23: UNSOLVED
Task  24: UNSOLVED
Task  25: UNSOLVED
Task  27: UNSOLVED
Task  28: UNSOLVED
Task  29: UNSOLVED
Task  30: UNSOLVED
Task  31: UNSOLVED
Task  33: UNSOLVED
Task  34: UNSOLVED
Task  35: UNSOLVED
Task  36: UNSOLVED
Task  37: UNSOLVED
Task  38: UNSOLVED
Task  40: UNSOLVED
Task  41: UNSOLVED
Task  42: UNSOLVED
Task  43: UNSOLVED
Task  44: UNSOLVED
Task  45: UNSOLVED
Task  46: UNSOLVED
Task  47: UNSOLVED
Task  48: UNSOLVED
Task  49: UNSOLVED
Task  50: UNSOLVED
Task  51: UNSOLVED
Task  52: UNSOLVED
Task  54: UNSOLVED
Task  55: UNSOLVED
Task  58: UNSOLVED
Task  59: UNSOLVED
Task  61: UNSOLVED
Task  62: UNSOLVED
Task  63: UNSOLVED
Task  64: UNSOLVED
Task  65: UNSOLVED
Task  66: UNSOLVED
Task  67: UNSOLVED
Task  68: UNSOLVED
Task  69: UNSOLVED
Task  70: UNSOLVED
Task  71: UNSOLVED
Task  72: UNSOLVED
Task  74: UNSOLVED
Task  75: UNSOLVED
Task  76: UNSOLVED
Task  77: UNSOLVED
Task  80: UNSOLVED
Task  81: UNSOLVED
Task  82: UNSOLVED
Task  84: UNSOLVED
Task  85: UNSOLVED
Task  86: UNSOLVED
Task  88: UNSOLVED
Task  89: UNSOLVED
Task  90: UNSOLVED
Task  91: UNSOLVED
Task  92: UNSOLVED
Task  93: UNSOLVED
Task  94: UNSOLVED
Task  96: UNSOLVED
Task  97: UNSOLVED
Task  98: UNSOLVED
Task  99: UNSOLVED
Task 101: UNSOLVED
Task 102: UNSOLVED
Task 103: UNSOLVED
Task 104: UNSOLVED
Task 105: UNSOLVED
Task 106: UNSOLVED
Task 107: UNSOLVED
Task 109: UNSOLVED
Task 110: UNSOLVED
Task 111: UNSOLVED
Task 112: UNSOLVED
Task 113: UNSOLVED
Task 114: UNSOLVED
Task 115: UNSOLVED
Task 117: UNSOLVED
Task 118: UNSOLVED
Task 119: UNSOLVED
Task 122: UNSOLVED
Task 123: UNSOLVED
Task 124: UNSOLVED
Task 125: UNSOLVED
Task 126: UNSOLVED
Task 128: UNSOLVED
Task 129: UNSOLVED
Task 131: UNSOLVED
Task 132: UNSOLVED
Task 133: UNSOLVED
Task 134: UNSOLVED
Task 136: UNSOLVED
Task 137: UNSOLVED
Task 138: UNSOLVED
Task 139: UNSOLVED
Task 141: UNSOLVED
Task 143: UNSOLVED
Task 145: UNSOLVED
Task 146: UNSOLVED
Task 147: UNSOLVED
Task 148: UNSOLVED
Task 149: UNSOLVED
Task 151: UNSOLVED
Task 154: UNSOLVED
Task 156: UNSOLVED
Task 157: UNSOLVED
Task 158: UNSOLVED
Task 159: UNSOLVED
Task 160: UNSOLVED
Task 161: UNSOLVED
Task 162: UNSOLVED
Task 163: UNSOLVED
Task 165: UNSOLVED
Task 166: UNSOLVED
Task 167: UNSOLVED
Task 168: UNSOLVED
Task 169: UNSOLVED
Task 170: UNSOLVED
Task 173: UNSOLVED
Task 174: UNSOLVED
Task 175: UNSOLVED
Task 176: UNSOLVED
Task 177: UNSOLVED
Task 178: UNSOLVED
Task 180: UNSOLVED
Task 181: UNSOLVED
Task 182: UNSOLVED
Task 183: UNSOLVED
Task 184: UNSOLVED
Task 185: UNSOLVED
Task 186: UNSOLVED
Task 187: UNSOLVED
Task 188: UNSOLVED
Task 189: UNSOLVED
Task 190: UNSOLVED
Task 191: UNSOLVED
Task 192: UNSOLVED
Task 193: UNSOLVED
Task 195: UNSOLVED
Task 196: UNSOLVED
Task 197: UNSOLVED
Task 198: UNSOLVED
Task 199: UNSOLVED
Task 200: UNSOLVED
Task 201: UNSOLVED
Task 202: UNSOLVED
Task 203: UNSOLVED
Task 204: UNSOLVED
Task 205: UNSOLVED
Task 206: UNSOLVED
Task 207: UNSOLVED
Task 208: UNSOLVED
Task 209: UNSOLVED
Task 212: UNSOLVED
Task 213: UNSOLVED
Task 215: UNSOLVED
Task 216: UNSOLVED
Task 217: UNSOLVED
Task 218: UNSOLVED
Task 219: UNSOLVED
Task 221: UNSOLVED
Task 222: UNSOLVED
Task 224: UNSOLVED
Task 225: UNSOLVED
Task 226: UNSOLVED
Task 228: UNSOLVED
Task 229: UNSOLVED
Task 231: UNSOLVED
Task 232: UNSOLVED
Task 233: UNSOLVED
Task 234: UNSOLVED
Task 235: UNSOLVED
Task 236: UNSOLVED
Task 237: UNSOLVED
Task 238: UNSOLVED
Task 239: UNSOLVED
Task 240: UNSOLVED
Task 243: UNSOLVED
Task 244: UNSOLVED
Task 245: UNSOLVED
Task 246: UNSOLVED
Task 247: UNSOLVED
Task 248: UNSOLVED
Task 249: UNSOLVED
Task 250: UNSOLVED
Task 251: UNSOLVED
Task 252: UNSOLVED
Task 253: UNSOLVED
Task 254: UNSOLVED
Task 255: UNSOLVED
Task 256: UNSOLVED
Task 257: UNSOLVED
Task 259: UNSOLVED
Task 260: UNSOLVED
Task 262: UNSOLVED
Task 263: UNSOLVED
Task 264: UNSOLVED
Task 265: UNSOLVED
Task 267: UNSOLVED
Task 268: UNSOLVED
Task 269: UNSOLVED
Task 270: UNSOLVED
Task 271: UNSOLVED
Task 272: UNSOLVED
Task 273: UNSOLVED
Task 274: UNSOLVED
Task 275: UNSOLVED
Task 277: UNSOLVED
Task 278: UNSOLVED
Task 279: UNSOLVED
Task 280: UNSOLVED
Task 281: UNSOLVED
Task 284: UNSOLVED
Task 285: UNSOLVED
Task 286: UNSOLVED
Task 287: UNSOLVED
Task 288: UNSOLVED
Task 289: UNSOLVED
Task 290: UNSOLVED
Task 291: UNSOLVED
Task 292: UNSOLVED
Task 293: UNSOLVED
Task 295: UNSOLVED
Task 296: UNSOLVED
Task 297: UNSOLVED
Task 298: UNSOLVED
Task 300: UNSOLVED
Task 301: UNSOLVED
Task 302: UNSOLVED
Task 303: UNSOLVED
Task 304: UNSOLVED
Task 306: UNSOLVED
Task 308: UNSOLVED
Task 310: UNSOLVED
Task 312: UNSOLVED
Task 313: UNSOLVED
Task 314: UNSOLVED
Task 315: UNSOLVED
Task 319: UNSOLVED
Task 320: UNSOLVED
Task 321: UNSOLVED
Task 323: UNSOLVED
Task 324: UNSOLVED
Task 325: UNSOLVED
Task 327: UNSOLVED
Task 328: UNSOLVED
Task 329: UNSOLVED
Task 330: UNSOLVED
Task 332: UNSOLVED
Task 333: UNSOLVED
Task 334: UNSOLVED
Task 335: UNSOLVED
Task 336: UNSOLVED
Task 338: UNSOLVED
Task 339: UNSOLVED
Task 340: UNSOLVED
Task 341: UNSOLVED
Task 342: UNSOLVED
Task 343: UNSOLVED
Task 344: UNSOLVED
Task 345: UNSOLVED
Task 346: UNSOLVED
Task 348: UNSOLVED
Task 349: UNSOLVED
Task 350: UNSOLVED
Task 351: UNSOLVED
Task 352: UNSOLVED
Task 353: UNSOLVED
Task 354: UNSOLVED
Task 355: UNSOLVED
Task 356: UNSOLVED
Task 357: UNSOLVED
Task 358: UNSOLVED
Task 359: UNSOLVED
Task 360: UNSOLVED
Task 361: UNSOLVED
Task 362: UNSOLVED
Task 363: UNSOLVED
Task 364: UNSOLVED
Task 365: UNSOLVED
Task 366: UNSOLVED
Task 367: UNSOLVED
Task 368: UNSOLVED
Task 369: UNSOLVED
Task 370: UNSOLVED
Task 371: UNSOLVED
Task 374: UNSOLVED
Task 375: UNSOLVED
Task 376: UNSOLVED
Task 377: UNSOLVED
Task 378: UNSOLVED
Task 379: UNSOLVED
Task 381: UNSOLVED
Task 382: UNSOLVED
Task 383: UNSOLVED
Task 384: UNSOLVED
Task 387: UNSOLVED
Task 388: UNSOLVED
Task 389: UNSOLVED
Task 390: UNSOLVED
Task 391: UNSOLVED
Task 392: UNSOLVED
Task 394: UNSOLVED
Task 396: UNSOLVED
Task 397: UNSOLVED
Task 398: UNSOLVED
Task 399: UNSOLVED
Task 400: UNSOLVED

--- Second pass: 326 unsolved tasks ---

Solved: 0/326 in 18006s
Estimated total score: 0.0
Created kaggle-submissions/2026-06-26/submission-4/submission_v2.zip: 74 files, 2085 KB
