/Users/ilakkmanoharan2026/ARC-NeuroGolf/arc_genome/genome/ops/conv.py:74: RuntimeWarning: divide by zero encountered in matmul
  if not np.array_equal(np.argmax(p_mat @ wt, axis=1), t):
/Users/ilakkmanoharan2026/ARC-NeuroGolf/arc_genome/genome/ops/conv.py:74: RuntimeWarning: overflow encountered in matmul
  if not np.array_equal(np.argmax(p_mat @ wt, axis=1), t):
/Users/ilakkmanoharan2026/ARC-NeuroGolf/arc_genome/genome/ops/conv.py:74: RuntimeWarning: invalid value encountered in matmul
  if not np.array_equal(np.argmax(p_mat @ wt, axis=1), t):
/Users/ilakkmanoharan2026/ARC-NeuroGolf/arc_genome/genome/ops/conv.py:234: RuntimeWarning: divide by zero encountered in matmul
  if not np.array_equal(np.argmax(p_mat @ wt, axis=1), t):
/Users/ilakkmanoharan2026/ARC-NeuroGolf/arc_genome/genome/ops/conv.py:234: RuntimeWarning: overflow encountered in matmul
  if not np.array_equal(np.argmax(p_mat @ wt, axis=1), t):
/Users/ilakkmanoharan2026/ARC-NeuroGolf/arc_genome/genome/ops/conv.py:234: RuntimeWarning: invalid value encountered in matmul
  if not np.array_equal(np.argmax(p_mat @ wt, axis=1), t):
[1;31m2026-06-12 13:23:16.379325 [E:onnxruntime:, sequential_executor.cc:516 ExecuteKernel] Non-zero status code returned while running Conv node. Name:'' Status Message: kernel_shape is not compatible with W shape. kernel_shape: {7,7} W: {10,10,7,6} channels_last: 0[m
[1;31m2026-06-12 13:23:16.384309 [E:onnxruntime:, sequential_executor.cc:516 ExecuteKernel] Non-zero status code returned while running Conv node. Name:'' Status Message: kernel_shape is not compatible with W shape. kernel_shape: {7,7} W: {10,10,7,6} channels_last: 0[m
[1;31m2026-06-12 13:23:16.392206 [E:onnxruntime:, sequential_executor.cc:516 ExecuteKernel] Non-zero status code returned while running Conv node. Name:'' Status Message: kernel_shape is not compatible with W shape. kernel_shape: {7,7} W: {10,10,7,6} channels_last: 0[m
[1;31m2026-06-12 13:23:16.395360 [E:onnxruntime:, sequential_executor.cc:516 ExecuteKernel] Non-zero status code returned while running Conv node. Name:'' Status Message: kernel_shape is not compatible with W shape. kernel_shape: {9,9} W: {10,10,9,7} channels_last: 0[m
[1;31m2026-06-12 13:23:16.398910 [E:onnxruntime:, sequential_executor.cc:516 ExecuteKernel] Non-zero status code returned while running Conv node. Name:'' Status Message: kernel_shape is not compatible with W shape. kernel_shape: {9,9} W: {10,10,9,8} channels_last: 0[m
[1;31m2026-06-12 13:23:16.403280 [E:onnxruntime:, sequential_executor.cc:516 ExecuteKernel] Non-zero status code returned while running Conv node. Name:'' Status Message: kernel_shape is not compatible with W shape. kernel_shape: {7,7} W: {10,10,7,6} channels_last: 0[m
[1;31m2026-06-12 13:23:16.406371 [E:onnxruntime:, sequential_executor.cc:516 ExecuteKernel] Non-zero status code returned while running Conv node. Name:'' Status Message: kernel_shape is not compatible with W shape. kernel_shape: {9,9} W: {10,10,9,7} channels_last: 0[m
[1;31m2026-06-12 13:23:16.410437 [E:onnxruntime:, sequential_executor.cc:516 ExecuteKernel] Non-zero status code returned while running Conv node. Name:'' Status Message: kernel_shape is not compatible with W shape. kernel_shape: {9,9} W: {10,10,9,8} channels_last: 0[m
[1;31m2026-06-12 13:23:17.677976 [E:onnxruntime:, sequential_executor.cc:516 ExecuteKernel] Non-zero status code returned while running Conv node. Name:'' Status Message: kernel_shape is not compatible with W shape. kernel_shape: {3,3} W: {10,10,3,5} channels_last: 0[m
[1;31m2026-06-12 13:23:17.678939 [E:onnxruntime:, sequential_executor.cc:516 ExecuteKernel] Non-zero status code returned while running Conv node. Name:'' Status Message: kernel_shape is not compatible with W shape. kernel_shape: {4,4} W: {10,10,4,7} channels_last: 0[m
[1;31m2026-06-12 13:23:17.680138 [E:onnxruntime:, sequential_executor.cc:516 ExecuteKernel] Non-zero status code returned while running Conv node. Name:'' Status Message: kernel_shape is not compatible with W shape. kernel_shape: {3,3} W: {10,10,3,5} channels_last: 0[m
[1;31m2026-06-12 13:23:17.681122 [E:onnxruntime:, sequential_executor.cc:516 ExecuteKernel] Non-zero status code returned while running Conv node. Name:'' Status Message: kernel_shape is not compatible with W shape. kernel_shape: {4,4} W: {10,10,4,7} channels_last: 0[m
[1;31m2026-06-12 13:23:17.683891 [E:onnxruntime:, sequential_executor.cc:516 ExecuteKernel] Non-zero status code returned while running Conv node. Name:'' Status Message: kernel_shape is not compatible with W shape. kernel_shape: {3,3} W: {10,10,3,5} channels_last: 0[m
[1;31m2026-06-12 13:23:17.684814 [E:onnxruntime:, sequential_executor.cc:516 ExecuteKernel] Non-zero status code returned while running Conv node. Name:'' Status Message: kernel_shape is not compatible with W shape. kernel_shape: {4,4} W: {10,10,4,7} channels_last: 0[m
[1;31m2026-06-12 13:23:17.685712 [E:onnxruntime:, sequential_executor.cc:516 ExecuteKernel] Non-zero status code returned while running Conv node. Name:'' Status Message: kernel_shape is not compatible with W shape. kernel_shape: {5,5} W: {10,10,5,9} channels_last: 0[m
[1;31m2026-06-12 13:23:17.686690 [E:onnxruntime:, sequential_executor.cc:516 ExecuteKernel] Non-zero status code returned while running Conv node. Name:'' Status Message: kernel_shape is not compatible with W shape. kernel_shape: {6,6} W: {10,10,6,10} channels_last: 0[m
[1;31m2026-06-12 13:23:17.687816 [E:onnxruntime:, sequential_executor.cc:516 ExecuteKernel] Non-zero status code returned while running Conv node. Name:'' Status Message: kernel_shape is not compatible with W shape. kernel_shape: {3,3} W: {10,10,3,5} channels_last: 0[m
[1;31m2026-06-12 13:23:17.688705 [E:onnxruntime:, sequential_executor.cc:516 ExecuteKernel] Non-zero status code returned while running Conv node. Name:'' Status Message: kernel_shape is not compatible with W shape. kernel_shape: {4,4} W: {10,10,4,7} channels_last: 0[m
[1;31m2026-06-12 13:23:17.689763 [E:onnxruntime:, sequential_executor.cc:516 ExecuteKernel] Non-zero status code returned while running Conv node. Name:'' Status Message: kernel_shape is not compatible with W shape. kernel_shape: {5,5} W: {10,10,5,9} channels_last: 0[m
[1;31m2026-06-12 13:23:17.691188 [E:onnxruntime:, sequential_executor.cc:516 ExecuteKernel] Non-zero status code returned while running Conv node. Name:'' Status Message: kernel_shape is not compatible with W shape. kernel_shape: {6,6} W: {10,10,6,10} channels_last: 0[m
[0;93m2026-06-12 13:23:19.638830 [W:onnxruntime:, graph.cc:109 MergeShapeInfo] Error merging shape info for output. 'output' source:{1,-1,31,31} target:{1,10,30,30}. Falling back to lenient merge.[m
[1;31m2026-06-12 13:23:19.638974 [E:onnxruntime:, sequential_executor.cc:516 ExecuteKernel] Non-zero status code returned while running Conv node. Name:'' Status Message: kernel_shape is not compatible with W shape. kernel_shape: {2,2} W: {10,10,2,1} channels_last: 0[m
[0;93m2026-06-12 13:23:19.644780 [W:onnxruntime:, graph.cc:109 MergeShapeInfo] Error merging shape info for output. 'output' source:{1,-1,31,31} target:{1,10,30,30}. Falling back to lenient merge.[m
[1;31m2026-06-12 13:23:19.645069 [E:onnxruntime:, sequential_executor.cc:516 ExecuteKernel] Non-zero status code returned while running Conv node. Name:'' Status Message: kernel_shape is not compatible with W shape. kernel_shape: {2,2} W: {10,10,2,1} channels_last: 0[m
[1;31m2026-06-12 13:23:22.927234 [E:onnxruntime:, sequential_executor.cc:516 ExecuteKernel] Non-zero status code returned while running Conv node. Name:'' Status Message: kernel_shape is not compatible with W shape. kernel_shape: {7,7} W: {10,10,7,9} channels_last: 0[m
[1;31m2026-06-12 13:23:22.929962 [E:onnxruntime:, sequential_executor.cc:516 ExecuteKernel] Non-zero status code returned while running Conv node. Name:'' Status Message: kernel_shape is not compatible with W shape. kernel_shape: {8,8} W: {10,10,8,11} channels_last: 0[m
[1;31m2026-06-12 13:23:22.935134 [E:onnxruntime:, sequential_executor.cc:516 ExecuteKernel] Non-zero status code returned while running Conv node. Name:'' Status Message: kernel_shape is not compatible with W shape. kernel_shape: {7,7} W: {10,10,7,9} channels_last: 0[m
[1;31m2026-06-12 13:23:22.937979 [E:onnxruntime:, sequential_executor.cc:516 ExecuteKernel] Non-zero status code returned while running Conv node. Name:'' Status Message: kernel_shape is not compatible with W shape. kernel_shape: {8,8} W: {10,10,8,11} channels_last: 0[m
[1;31m2026-06-12 13:23:23.497408 [E:onnxruntime:, sequential_executor.cc:516 ExecuteKernel] Non-zero status code returned while running Conv node. Name:'' Status Message: kernel_shape is not compatible with W shape. kernel_shape: {9,9} W: {10,10,9,11} channels_last: 0[m
[1;31m2026-06-12 13:23:23.515689 [E:onnxruntime:, sequential_executor.cc:516 ExecuteKernel] Non-zero status code returned while running Conv node. Name:'' Status Message: kernel_shape is not compatible with W shape. kernel_shape: {9,9} W: {10,10,9,11} channels_last: 0[m
[1;31m2026-06-12 13:23:23.531464 [E:onnxruntime:, sequential_executor.cc:516 ExecuteKernel] Non-zero status code returned while running Conv node. Name:'' Status Message: kernel_shape is not compatible with W shape. kernel_shape: {9,9} W: {10,10,9,11} channels_last: 0[m
[1;31m2026-06-12 13:23:23.549730 [E:onnxruntime:, sequential_executor.cc:516 ExecuteKernel] Non-zero status code returned while running Conv node. Name:'' Status Message: kernel_shape is not compatible with W shape. kernel_shape: {9,9} W: {10,10,9,11} channels_last: 0[m
[1;31m2026-06-12 13:23:23.598745 [E:onnxruntime:, sequential_executor.cc:516 ExecuteKernel] Non-zero status code returned while running Conv node. Name:'' Status Message: kernel_shape is not compatible with W shape. kernel_shape: {9,9} W: {10,10,9,11} channels_last: 0[m
[1;31m2026-06-12 13:23:23.616743 [E:onnxruntime:, sequential_executor.cc:516 ExecuteKernel] Non-zero status code returned while running Conv node. Name:'' Status Message: kernel_shape is not compatible with W shape. kernel_shape: {9,9} W: {10,10,9,11} channels_last: 0[m
[1;31m2026-06-12 13:23:23.632478 [E:onnxruntime:, sequential_executor.cc:516 ExecuteKernel] Non-zero status code returned while running Conv node. Name:'' Status Message: kernel_shape is not compatible with W shape. kernel_shape: {9,9} W: {10,10,9,11} channels_last: 0[m
[1;31m2026-06-12 13:23:23.649016 [E:onnxruntime:, sequential_executor.cc:516 ExecuteKernel] Non-zero status code returned while running Conv node. Name:'' Status Message: kernel_shape is not compatible with W shape. kernel_shape: {9,9} W: {10,10,9,11} channels_last: 0[m
[1;31m2026-06-12 13:23:26.000499 [E:onnxruntime:, sequential_executor.cc:516 ExecuteKernel] Non-zero status code returned while running Conv node. Name:'' Status Message: kernel_shape is not compatible with W shape. kernel_shape: {3,3} W: {10,10,3,1} channels_last: 0[m
[1;31m2026-06-12 13:23:26.002332 [E:onnxruntime:, sequential_executor.cc:516 ExecuteKernel] Non-zero status code returned while running Conv node. Name:'' Status Message: kernel_shape is not compatible with W shape. kernel_shape: {5,5} W: {10,10,5,1} channels_last: 0[m
[1;31m2026-06-12 13:23:26.006250 [E:onnxruntime:, sequential_executor.cc:516 ExecuteKernel] Non-zero status code returned while running Conv node. Name:'' Status Message: kernel_shape is not compatible with W shape. kernel_shape: {3,3} W: {10,10,3,1} channels_last: 0[m
[1;31m2026-06-12 13:23:26.008016 [E:onnxruntime:, sequential_executor.cc:516 ExecuteKernel] Non-zero status code returned while running Conv node. Name:'' Status Message: kernel_shape is not compatible with W shape. kernel_shape: {5,5} W: {10,10,5,1} channels_last: 0[m
[1;31m2026-06-12 13:23:26.012322 [E:onnxruntime:, sequential_executor.cc:516 ExecuteKernel] Non-zero status code returned while running Conv node. Name:'' Status Message: kernel_shape is not compatible with W shape. kernel_shape: {3,3} W: {10,10,3,1} channels_last: 0[m
[1;31m2026-06-12 13:23:26.013858 [E:onnxruntime:, sequential_executor.cc:516 ExecuteKernel] Non-zero status code returned while running Conv node. Name:'' Status Message: kernel_shape is not compatible with W shape. kernel_shape: {5,5} W: {10,10,5,1} channels_last: 0[m
[1;31m2026-06-12 13:24:03.808828 [E:onnxruntime:, sequential_executor.cc:516 ExecuteKernel] Non-zero status code returned while running Conv node. Name:'' Status Message: kernel_shape is not compatible with W shape. kernel_shape: {6,6} W: {10,10,6,9} channels_last: 0[m
[1;31m2026-06-12 13:24:03.810458 [E:onnxruntime:, sequential_executor.cc:516 ExecuteKernel] Non-zero status code returned while running Conv node. Name:'' Status Message: kernel_shape is not compatible with W shape. kernel_shape: {6,6} W: {10,10,6,11} channels_last: 0[m
[1;31m2026-06-12 13:24:03.813664 [E:onnxruntime:, sequential_executor.cc:516 ExecuteKernel] Non-zero status code returned while running Conv node. Name:'' Status Message: kernel_shape is not compatible with W shape. kernel_shape: {6,6} W: {10,10,6,9} channels_last: 0[m
[1;31m2026-06-12 13:24:03.815472 [E:onnxruntime:, sequential_executor.cc:516 ExecuteKernel] Non-zero status code returned while running Conv node. Name:'' Status Message: kernel_shape is not compatible with W shape. kernel_shape: {6,6} W: {10,10,6,11} channels_last: 0[m
[1;31m2026-06-12 13:24:03.836163 [E:onnxruntime:, sequential_executor.cc:516 ExecuteKernel] Non-zero status code returned while running Conv node. Name:'' Status Message: kernel_shape is not compatible with W shape. kernel_shape: {6,6} W: {10,10,6,9} channels_last: 0[m
[1;31m2026-06-12 13:24:03.837701 [E:onnxruntime:, sequential_executor.cc:516 ExecuteKernel] Non-zero status code returned while running Conv node. Name:'' Status Message: kernel_shape is not compatible with W shape. kernel_shape: {6,6} W: {10,10,6,11} channels_last: 0[m
[1;31m2026-06-12 13:24:03.840987 [E:onnxruntime:, sequential_executor.cc:516 ExecuteKernel] Non-zero status code returned while running Conv node. Name:'' Status Message: kernel_shape is not compatible with W shape. kernel_shape: {6,6} W: {10,10,6,9} channels_last: 0[m
[1;31m2026-06-12 13:24:03.842992 [E:onnxruntime:, sequential_executor.cc:516 ExecuteKernel] Non-zero status code returned while running Conv node. Name:'' Status Message: kernel_shape is not compatible with W shape. kernel_shape: {6,6} W: {10,10,6,11} channels_last: 0[m
[0;93m2026-06-12 13:24:10.333584 [W:onnxruntime:, graph.cc:109 MergeShapeInfo] Error merging shape info for output. 'output' source:{1,-1,31,31} target:{1,10,30,30}. Falling back to lenient merge.[m
[0;93m2026-06-12 13:24:10.343826 [W:onnxruntime:, graph.cc:109 MergeShapeInfo] Error merging shape info for output. 'output' source:{1,-1,31,31} target:{1,10,30,30}. Falling back to lenient merge.[m
[1;31m2026-06-12 13:24:15.445906 [E:onnxruntime:, sequential_executor.cc:516 ExecuteKernel] Non-zero status code returned while running Conv node. Name:'' Status Message: kernel_shape is not compatible with W shape. kernel_shape: {11,11} W: {10,10,11,9} channels_last: 0[m
[1;31m2026-06-12 13:24:15.461336 [E:onnxruntime:, sequential_executor.cc:516 ExecuteKernel] Non-zero status code returned while running Conv node. Name:'' Status Message: kernel_shape is not compatible with W shape. kernel_shape: {11,11} W: {10,10,11,9} channels_last: 0[m
[1;31m2026-06-12 13:24:15.489499 [E:onnxruntime:, sequential_executor.cc:516 ExecuteKernel] Non-zero status code returned while running Conv node. Name:'' Status Message: kernel_shape is not compatible with W shape. kernel_shape: {11,11} W: {10,10,11,9} channels_last: 0[m
[1;31m2026-06-12 13:24:15.504036 [E:onnxruntime:, sequential_executor.cc:516 ExecuteKernel] Non-zero status code returned while running Conv node. Name:'' Status Message: kernel_shape is not compatible with W shape. kernel_shape: {11,11} W: {10,10,11,9} channels_last: 0[m
[1;31m2026-06-12 13:24:22.280958 [E:onnxruntime:, sequential_executor.cc:516 ExecuteKernel] Non-zero status code returned while running Conv node. Name:'' Status Message: kernel_shape is not compatible with W shape. kernel_shape: {5,5} W: {10,10,5,6} channels_last: 0[m
[1;31m2026-06-12 13:24:22.284223 [E:onnxruntime:, sequential_executor.cc:516 ExecuteKernel] Non-zero status code returned while running Conv node. Name:'' Status Message: kernel_shape is not compatible with W shape. kernel_shape: {5,5} W: {10,10,5,6} channels_last: 0[m
[1;31m2026-06-12 13:24:22.289303 [E:onnxruntime:, sequential_executor.cc:516 ExecuteKernel] Non-zero status code returned while running Conv node. Name:'' Status Message: kernel_shape is not compatible with W shape. kernel_shape: {5,5} W: {10,10,5,6} channels_last: 0[m
[1;31m2026-06-12 13:24:22.291293 [E:onnxruntime:, sequential_executor.cc:516 ExecuteKernel] Non-zero status code returned while running Conv node. Name:'' Status Message: kernel_shape is not compatible with W shape. kernel_shape: {5,5} W: {10,10,5,7} channels_last: 0[m
[1;31m2026-06-12 13:24:22.293262 [E:onnxruntime:, sequential_executor.cc:516 ExecuteKernel] Non-zero status code returned while running Conv node. Name:'' Status Message: kernel_shape is not compatible with W shape. kernel_shape: {5,5} W: {10,10,5,8} channels_last: 0[m
[1;31m2026-06-12 13:24:22.296330 [E:onnxruntime:, sequential_executor.cc:516 ExecuteKernel] Non-zero status code returned while running Conv node. Name:'' Status Message: kernel_shape is not compatible with W shape. kernel_shape: {5,5} W: {10,10,5,6} channels_last: 0[m
[1;31m2026-06-12 13:24:22.298317 [E:onnxruntime:, sequential_executor.cc:516 ExecuteKernel] Non-zero status code returned while running Conv node. Name:'' Status Message: kernel_shape is not compatible with W shape. kernel_shape: {5,5} W: {10,10,5,7} channels_last: 0[m
[1;31m2026-06-12 13:24:22.300813 [E:onnxruntime:, sequential_executor.cc:516 ExecuteKernel] Non-zero status code returned while running Conv node. Name:'' Status Message: kernel_shape is not compatible with W shape. kernel_shape: {5,5} W: {10,10,5,8} channels_last: 0[m
[1;31m2026-06-12 13:24:25.888452 [E:onnxruntime:, sequential_executor.cc:516 ExecuteKernel] Non-zero status code returned while running Conv node. Name:'' Status Message: kernel_shape is not compatible with W shape. kernel_shape: {3,3} W: {10,10,3,7} channels_last: 0[m
[1;31m2026-06-12 13:24:25.890186 [E:onnxruntime:, sequential_executor.cc:516 ExecuteKernel] Non-zero status code returned while running Conv node. Name:'' Status Message: kernel_shape is not compatible with W shape. kernel_shape: {3,3} W: {10,10,3,7} channels_last: 0[m
[1;31m2026-06-12 13:24:25.892056 [E:onnxruntime:, sequential_executor.cc:516 ExecuteKernel] Non-zero status code returned while running Conv node. Name:'' Status Message: kernel_shape is not compatible with W shape. kernel_shape: {3,3} W: {10,10,3,7} channels_last: 0[m
[1;31m2026-06-12 13:24:25.894064 [E:onnxruntime:, sequential_executor.cc:516 ExecuteKernel] Non-zero status code returned while running Conv node. Name:'' Status Message: kernel_shape is not compatible with W shape. kernel_shape: {3,3} W: {10,10,3,7} channels_last: 0[m
[1;31m2026-06-12 13:24:25.895772 [E:onnxruntime:, sequential_executor.cc:516 ExecuteKernel] Non-zero status code returned while running Conv node. Name:'' Status Message: kernel_shape is not compatible with W shape. kernel_shape: {3,3} W: {10,10,3,7} channels_last: 0[m
[1;31m2026-06-12 13:24:25.897075 [E:onnxruntime:, sequential_executor.cc:516 ExecuteKernel] Non-zero status code returned while running Conv node. Name:'' Status Message: kernel_shape is not compatible with W shape. kernel_shape: {3,3} W: {10,10,3,9} channels_last: 0[m
[1;31m2026-06-12 13:24:25.898596 [E:onnxruntime:, sequential_executor.cc:516 ExecuteKernel] Non-zero status code returned while running Conv node. Name:'' Status Message: kernel_shape is not compatible with W shape. kernel_shape: {3,3} W: {10,10,3,11} channels_last: 0[m
[1;31m2026-06-12 13:24:25.900271 [E:onnxruntime:, sequential_executor.cc:516 ExecuteKernel] Non-zero status code returned while running Conv node. Name:'' Status Message: kernel_shape is not compatible with W shape. kernel_shape: {3,3} W: {10,10,3,7} channels_last: 0[m
[1;31m2026-06-12 13:24:25.901497 [E:onnxruntime:, sequential_executor.cc:516 ExecuteKernel] Non-zero status code returned while running Conv node. Name:'' Status Message: kernel_shape is not compatible with W shape. kernel_shape: {3,3} W: {10,10,3,9} channels_last: 0[m
[1;31m2026-06-12 13:24:25.902913 [E:onnxruntime:, sequential_executor.cc:516 ExecuteKernel] Non-zero status code returned while running Conv node. Name:'' Status Message: kernel_shape is not compatible with W shape. kernel_shape: {3,3} W: {10,10,3,11} channels_last: 0[m
[1;31m2026-06-12 13:24:25.904572 [E:onnxruntime:, sequential_executor.cc:516 ExecuteKernel] Non-zero status code returned while running Conv node. Name:'' Status Message: kernel_shape is not compatible with W shape. kernel_shape: {3,3} W: {10,10,3,7} channels_last: 0[m
[1;31m2026-06-12 13:24:25.905777 [E:onnxruntime:, sequential_executor.cc:516 ExecuteKernel] Non-zero status code returned while running Conv node. Name:'' Status Message: kernel_shape is not compatible with W shape. kernel_shape: {3,3} W: {10,10,3,9} channels_last: 0[m
[1;31m2026-06-12 13:24:25.907314 [E:onnxruntime:, sequential_executor.cc:516 ExecuteKernel] Non-zero status code returned while running Conv node. Name:'' Status Message: kernel_shape is not compatible with W shape. kernel_shape: {3,3} W: {10,10,3,11} channels_last: 0[m
[1;31m2026-06-12 13:24:25.909346 [E:onnxruntime:, sequential_executor.cc:516 ExecuteKernel] Non-zero status code returned while running Conv node. Name:'' Status Message: kernel_shape is not compatible with W shape. kernel_shape: {3,3} W: {10,10,3,7} channels_last: 0[m
[1;31m2026-06-12 13:24:25.910497 [E:onnxruntime:, sequential_executor.cc:516 ExecuteKernel] Non-zero status code returned while running Conv node. Name:'' Status Message: kernel_shape is not compatible with W shape. kernel_shape: {3,3} W: {10,10,3,9} channels_last: 0[m
[1;31m2026-06-12 13:24:25.911838 [E:onnxruntime:, sequential_executor.cc:516 ExecuteKernel] Non-zero status code returned while running Conv node. Name:'' Status Message: kernel_shape is not compatible with W shape. kernel_shape: {3,3} W: {10,10,3,11} channels_last: 0[m
[1;31m2026-06-12 13:24:25.920982 [E:onnxruntime:, sequential_executor.cc:516 ExecuteKernel] Non-zero status code returned while running Conv node. Name:'' Status Message: kernel_shape is not compatible with W shape. kernel_shape: {3,3} W: {10,10,3,7} channels_last: 0[m
[1;31m2026-06-12 13:24:25.922686 [E:onnxruntime:, sequential_executor.cc:516 ExecuteKernel] Non-zero status code returned while running Conv node. Name:'' Status Message: kernel_shape is not compatible with W shape. kernel_shape: {3,3} W: {10,10,3,7} channels_last: 0[m
[1;31m2026-06-12 13:24:25.924486 [E:onnxruntime:, sequential_executor.cc:516 ExecuteKernel] Non-zero status code returned while running Conv node. Name:'' Status Message: kernel_shape is not compatible with W shape. kernel_shape: {3,3} W: {10,10,3,7} channels_last: 0[m
[1;31m2026-06-12 13:24:25.926241 [E:onnxruntime:, sequential_executor.cc:516 ExecuteKernel] Non-zero status code returned while running Conv node. Name:'' Status Message: kernel_shape is not compatible with W shape. kernel_shape: {3,3} W: {10,10,3,7} channels_last: 0[m
[1;31m2026-06-12 13:24:25.927939 [E:onnxruntime:, sequential_executor.cc:516 ExecuteKernel] Non-zero status code returned while running Conv node. Name:'' Status Message: kernel_shape is not compatible with W shape. kernel_shape: {3,3} W: {10,10,3,7} channels_last: 0[m
[1;31m2026-06-12 13:24:25.929082 [E:onnxruntime:, sequential_executor.cc:516 ExecuteKernel] Non-zero status code returned while running Conv node. Name:'' Status Message: kernel_shape is not compatible with W shape. kernel_shape: {3,3} W: {10,10,3,9} channels_last: 0[m
[1;31m2026-06-12 13:24:25.930555 [E:onnxruntime:, sequential_executor.cc:516 ExecuteKernel] Non-zero status code returned while running Conv node. Name:'' Status Message: kernel_shape is not compatible with W shape. kernel_shape: {3,3} W: {10,10,3,11} channels_last: 0[m
[1;31m2026-06-12 13:24:25.932226 [E:onnxruntime:, sequential_executor.cc:516 ExecuteKernel] Non-zero status code returned while running Conv node. Name:'' Status Message: kernel_shape is not compatible with W shape. kernel_shape: {3,3} W: {10,10,3,7} channels_last: 0[m
[1;31m2026-06-12 13:24:25.933317 [E:onnxruntime:, sequential_executor.cc:516 ExecuteKernel] Non-zero status code returned while running Conv node. Name:'' Status Message: kernel_shape is not compatible with W shape. kernel_shape: {3,3} W: {10,10,3,9} channels_last: 0[m
[1;31m2026-06-12 13:24:25.934703 [E:onnxruntime:, sequential_executor.cc:516 ExecuteKernel] Non-zero status code returned while running Conv node. Name:'' Status Message: kernel_shape is not compatible with W shape. kernel_shape: {3,3} W: {10,10,3,11} channels_last: 0[m
[1;31m2026-06-12 13:24:25.936270 [E:onnxruntime:, sequential_executor.cc:516 ExecuteKernel] Non-zero status code returned while running Conv node. Name:'' Status Message: kernel_shape is not compatible with W shape. kernel_shape: {3,3} W: {10,10,3,7} channels_last: 0[m
[1;31m2026-06-12 13:24:25.937494 [E:onnxruntime:, sequential_executor.cc:516 ExecuteKernel] Non-zero status code returned while running Conv node. Name:'' Status Message: kernel_shape is not compatible with W shape. kernel_shape: {3,3} W: {10,10,3,9} channels_last: 0[m
[1;31m2026-06-12 13:24:25.938993 [E:onnxruntime:, sequential_executor.cc:516 ExecuteKernel] Non-zero status code returned while running Conv node. Name:'' Status Message: kernel_shape is not compatible with W shape. kernel_shape: {3,3} W: {10,10,3,11} channels_last: 0[m
[1;31m2026-06-12 13:24:25.940685 [E:onnxruntime:, sequential_executor.cc:516 ExecuteKernel] Non-zero status code returned while running Conv node. Name:'' Status Message: kernel_shape is not compatible with W shape. kernel_shape: {3,3} W: {10,10,3,7} channels_last: 0[m
[1;31m2026-06-12 13:24:25.942211 [E:onnxruntime:, sequential_executor.cc:516 ExecuteKernel] Non-zero status code returned while running Conv node. Name:'' Status Message: kernel_shape is not compatible with W shape. kernel_shape: {3,3} W: {10,10,3,9} channels_last: 0[m
[1;31m2026-06-12 13:24:25.943526 [E:onnxruntime:, sequential_executor.cc:516 ExecuteKernel] Non-zero status code returned while running Conv node. Name:'' Status Message: kernel_shape is not compatible with W shape. kernel_shape: {3,3} W: {10,10,3,11} channels_last: 0[m
[1;31m2026-06-12 13:24:28.217282 [E:onnxruntime:, sequential_executor.cc:516 ExecuteKernel] Non-zero status code returned while running Conv node. Name:'' Status Message: kernel_shape is not compatible with W shape. kernel_shape: {11,11} W: {10,10,11,7} channels_last: 0[m
[1;31m2026-06-12 13:24:28.232635 [E:onnxruntime:, sequential_executor.cc:516 ExecuteKernel] Non-zero status code returned while running Conv node. Name:'' Status Message: kernel_shape is not compatible with W shape. kernel_shape: {11,11} W: {10,10,11,7} channels_last: 0[m
[1;31m2026-06-12 13:24:28.246966 [E:onnxruntime:, sequential_executor.cc:516 ExecuteKernel] Non-zero status code returned while running Conv node. Name:'' Status Message: kernel_shape is not compatible with W shape. kernel_shape: {11,11} W: {10,10,11,7} channels_last: 0[m
[1;31m2026-06-12 13:24:28.262216 [E:onnxruntime:, sequential_executor.cc:516 ExecuteKernel] Non-zero status code returned while running Conv node. Name:'' Status Message: kernel_shape is not compatible with W shape. kernel_shape: {11,11} W: {10,10,11,7} channels_last: 0[m
[1;31m2026-06-12 13:24:28.308400 [E:onnxruntime:, sequential_executor.cc:516 ExecuteKernel] Non-zero status code returned while running Conv node. Name:'' Status Message: kernel_shape is not compatible with W shape. kernel_shape: {11,11} W: {10,10,11,7} channels_last: 0[m
[1;31m2026-06-12 13:24:28.322875 [E:onnxruntime:, sequential_executor.cc:516 ExecuteKernel] Non-zero status code returned while running Conv node. Name:'' Status Message: kernel_shape is not compatible with W shape. kernel_shape: {11,11} W: {10,10,11,7} channels_last: 0[m
[1;31m2026-06-12 13:24:28.338225 [E:onnxruntime:, sequential_executor.cc:516 ExecuteKernel] Non-zero status code returned while running Conv node. Name:'' Status Message: kernel_shape is not compatible with W shape. kernel_shape: {11,11} W: {10,10,11,7} channels_last: 0[m
[1;31m2026-06-12 13:24:28.353396 [E:onnxruntime:, sequential_executor.cc:516 ExecuteKernel] Non-zero status code returned while running Conv node. Name:'' Status Message: kernel_shape is not compatible with W shape. kernel_shape: {11,11} W: {10,10,11,7} channels_last: 0[m
[1;31m2026-06-12 13:24:28.363027 [E:onnxruntime:, sequential_executor.cc:516 ExecuteKernel] Non-zero status code returned while running Conv node. Name:'' Status Message: kernel_shape is not compatible with W shape. kernel_shape: {7,7} W: {10,10,7,6} channels_last: 0[m
[1;31m2026-06-12 13:24:28.366723 [E:onnxruntime:, sequential_executor.cc:516 ExecuteKernel] Non-zero status code returned while running Conv node. Name:'' Status Message: kernel_shape is not compatible with W shape. kernel_shape: {7,7} W: {10,10,7,6} channels_last: 0[m
[1;31m2026-06-12 13:24:28.372447 [E:onnxruntime:, sequential_executor.cc:516 ExecuteKernel] Non-zero status code returned while running Conv node. Name:'' Status Message: kernel_shape is not compatible with W shape. kernel_shape: {7,7} W: {10,10,7,6} channels_last: 0[m
[1;31m2026-06-12 13:24:28.377496 [E:onnxruntime:, sequential_executor.cc:516 ExecuteKernel] Non-zero status code returned while running Conv node. Name:'' Status Message: kernel_shape is not compatible with W shape. kernel_shape: {7,7} W: {10,10,7,8} channels_last: 0[m
[1;31m2026-06-12 13:24:28.381070 [E:onnxruntime:, sequential_executor.cc:516 ExecuteKernel] Non-zero status code returned while running Conv node. Name:'' Status Message: kernel_shape is not compatible with W shape. kernel_shape: {7,7} W: {10,10,7,6} channels_last: 0[m
[1;31m2026-06-12 13:24:28.386370 [E:onnxruntime:, sequential_executor.cc:516 ExecuteKernel] Non-zero status code returned while running Conv node. Name:'' Status Message: kernel_shape is not compatible with W shape. kernel_shape: {7,7} W: {10,10,7,8} channels_last: 0[m
[1;31m2026-06-12 13:24:30.104591 [E:onnxruntime:, sequential_executor.cc:516 ExecuteKernel] Non-zero status code returned while running Conv node. Name:'' Status Message: kernel_shape is not compatible with W shape. kernel_shape: {5,5} W: {10,10,5,3} channels_last: 0[m
[1;31m2026-06-12 13:24:30.105518 [E:onnxruntime:, sequential_executor.cc:516 ExecuteKernel] Non-zero status code returned while running Conv node. Name:'' Status Message: kernel_shape is not compatible with W shape. kernel_shape: {6,6} W: {10,10,6,4} channels_last: 0[m
[1;31m2026-06-12 13:24:30.106601 [E:onnxruntime:, sequential_executor.cc:516 ExecuteKernel] Non-zero status code returned while running Conv node. Name:'' Status Message: kernel_shape is not compatible with W shape. kernel_shape: {5,5} W: {10,10,5,3} channels_last: 0[m
[1;31m2026-06-12 13:24:30.107524 [E:onnxruntime:, sequential_executor.cc:516 ExecuteKernel] Non-zero status code returned while running Conv node. Name:'' Status Message: kernel_shape is not compatible with W shape. kernel_shape: {6,6} W: {10,10,6,4} channels_last: 0[m
[1;31m2026-06-12 13:24:30.110373 [E:onnxruntime:, sequential_executor.cc:516 ExecuteKernel] Non-zero status code returned while running Conv node. Name:'' Status Message: kernel_shape is not compatible with W shape. kernel_shape: {5,5} W: {10,10,5,3} channels_last: 0[m
[1;31m2026-06-12 13:24:30.111131 [E:onnxruntime:, sequential_executor.cc:516 ExecuteKernel] Non-zero status code returned while running Conv node. Name:'' Status Message: kernel_shape is not compatible with W shape. kernel_shape: {6,6} W: {10,10,6,4} channels_last: 0[m
[1;31m2026-06-12 13:24:30.112075 [E:onnxruntime:, sequential_executor.cc:516 ExecuteKernel] Non-zero status code returned while running Conv node. Name:'' Status Message: kernel_shape is not compatible with W shape. kernel_shape: {7,7} W: {10,10,7,5} channels_last: 0[m
[1;31m2026-06-12 13:24:30.113047 [E:onnxruntime:, sequential_executor.cc:516 ExecuteKernel] Non-zero status code returned while running Conv node. Name:'' Status Message: kernel_shape is not compatible with W shape. kernel_shape: {8,8} W: {10,10,8,6} channels_last: 0[m
[1;31m2026-06-12 13:24:30.114098 [E:onnxruntime:, sequential_executor.cc:516 ExecuteKernel] Non-zero status code returned while running Conv node. Name:'' Status Message: kernel_shape is not compatible with W shape. kernel_shape: {5,5} W: {10,10,5,3} channels_last: 0[m
[1;31m2026-06-12 13:24:30.114972 [E:onnxruntime:, sequential_executor.cc:516 ExecuteKernel] Non-zero status code returned while running Conv node. Name:'' Status Message: kernel_shape is not compatible with W shape. kernel_shape: {6,6} W: {10,10,6,4} channels_last: 0[m
[1;31m2026-06-12 13:24:30.115851 [E:onnxruntime:, sequential_executor.cc:516 ExecuteKernel] Non-zero status code returned while running Conv node. Name:'' Status Message: kernel_shape is not compatible with W shape. kernel_shape: {7,7} W: {10,10,7,5} channels_last: 0[m
[1;31m2026-06-12 13:24:30.116770 [E:onnxruntime:, sequential_executor.cc:516 ExecuteKernel] Non-zero status code returned while running Conv node. Name:'' Status Message: kernel_shape is not compatible with W shape. kernel_shape: {8,8} W: {10,10,8,6} channels_last: 0[m
[1;31m2026-06-12 13:24:41.229114 [E:onnxruntime:, sequential_executor.cc:516 ExecuteKernel] Non-zero status code returned while running Conv node. Name:'' Status Message: kernel_shape is not compatible with W shape. kernel_shape: {9,9} W: {10,10,9,11} channels_last: 0[m
[1;31m2026-06-12 13:24:41.247537 [E:onnxruntime:, sequential_executor.cc:516 ExecuteKernel] Non-zero status code returned while running Conv node. Name:'' Status Message: kernel_shape is not compatible with W shape. kernel_shape: {9,9} W: {10,10,9,11} channels_last: 0[m
[1;31m2026-06-12 13:24:41.263245 [E:onnxruntime:, sequential_executor.cc:516 ExecuteKernel] Non-zero status code returned while running Conv node. Name:'' Status Message: kernel_shape is not compatible with W shape. kernel_shape: {9,9} W: {10,10,9,11} channels_last: 0[m
[1;31m2026-06-12 13:24:41.281316 [E:onnxruntime:, sequential_executor.cc:516 ExecuteKernel] Non-zero status code returned while running Conv node. Name:'' Status Message: kernel_shape is not compatible with W shape. kernel_shape: {9,9} W: {10,10,9,11} channels_last: 0[m
[1;31m2026-06-12 13:24:41.330066 [E:onnxruntime:, sequential_executor.cc:516 ExecuteKernel] Non-zero status code returned while running Conv node. Name:'' Status Message: kernel_shape is not compatible with W shape. kernel_shape: {9,9} W: {10,10,9,11} channels_last: 0[m
[1;31m2026-06-12 13:24:41.348276 [E:onnxruntime:, sequential_executor.cc:516 ExecuteKernel] Non-zero status code returned while running Conv node. Name:'' Status Message: kernel_shape is not compatible with W shape. kernel_shape: {9,9} W: {10,10,9,11} channels_last: 0[m
[1;31m2026-06-12 13:24:41.363589 [E:onnxruntime:, sequential_executor.cc:516 ExecuteKernel] Non-zero status code returned while running Conv node. Name:'' Status Message: kernel_shape is not compatible with W shape. kernel_shape: {9,9} W: {10,10,9,11} channels_last: 0[m
[1;31m2026-06-12 13:24:41.381868 [E:onnxruntime:, sequential_executor.cc:516 ExecuteKernel] Non-zero status code returned while running Conv node. Name:'' Status Message: kernel_shape is not compatible with W shape. kernel_shape: {9,9} W: {10,10,9,11} channels_last: 0[m
[1;31m2026-06-12 13:25:15.816533 [E:onnxruntime:, sequential_executor.cc:516 ExecuteKernel] Non-zero status code returned while running Conv node. Name:'' Status Message: kernel_shape is not compatible with W shape. kernel_shape: {6,6} W: {10,10,6,9} channels_last: 0[m
[1;31m2026-06-12 13:25:15.818138 [E:onnxruntime:, sequential_executor.cc:516 ExecuteKernel] Non-zero status code returned while running Conv node. Name:'' Status Message: kernel_shape is not compatible with W shape. kernel_shape: {6,6} W: {10,10,6,11} channels_last: 0[m
[1;31m2026-06-12 13:25:15.821328 [E:onnxruntime:, sequential_executor.cc:516 ExecuteKernel] Non-zero status code returned while running Conv node. Name:'' Status Message: kernel_shape is not compatible with W shape. kernel_shape: {6,6} W: {10,10,6,9} channels_last: 0[m
[1;31m2026-06-12 13:25:15.823189 [E:onnxruntime:, sequential_executor.cc:516 ExecuteKernel] Non-zero status code returned while running Conv node. Name:'' Status Message: kernel_shape is not compatible with W shape. kernel_shape: {6,6} W: {10,10,6,11} channels_last: 0[m
[1;31m2026-06-12 13:25:15.844136 [E:onnxruntime:, sequential_executor.cc:516 ExecuteKernel] Non-zero status code returned while running Conv node. Name:'' Status Message: kernel_shape is not compatible with W shape. kernel_shape: {6,6} W: {10,10,6,9} channels_last: 0[m
[1;31m2026-06-12 13:25:15.845674 [E:onnxruntime:, sequential_executor.cc:516 ExecuteKernel] Non-zero status code returned while running Conv node. Name:'' Status Message: kernel_shape is not compatible with W shape. kernel_shape: {6,6} W: {10,10,6,11} channels_last: 0[m
[1;31m2026-06-12 13:25:15.848792 [E:onnxruntime:, sequential_executor.cc:516 ExecuteKernel] Non-zero status code returned while running Conv node. Name:'' Status Message: kernel_shape is not compatible with W shape. kernel_shape: {6,6} W: {10,10,6,9} channels_last: 0[m
[1;31m2026-06-12 13:25:15.850561 [E:onnxruntime:, sequential_executor.cc:516 ExecuteKernel] Non-zero status code returned while running Conv node. Name:'' Status Message: kernel_shape is not compatible with W shape. kernel_shape: {6,6} W: {10,10,6,11} channels_last: 0[m
[1;31m2026-06-12 13:25:25.914881 [E:onnxruntime:, sequential_executor.cc:516 ExecuteKernel] Non-zero status code returned while running Conv node. Name:'' Status Message: kernel_shape is not compatible with W shape. kernel_shape: {11,11} W: {10,10,11,9} channels_last: 0[m
[1;31m2026-06-12 13:25:25.930444 [E:onnxruntime:, sequential_executor.cc:516 ExecuteKernel] Non-zero status code returned while running Conv node. Name:'' Status Message: kernel_shape is not compatible with W shape. kernel_shape: {11,11} W: {10,10,11,9} channels_last: 0[m
[1;31m2026-06-12 13:25:25.959930 [E:onnxruntime:, sequential_executor.cc:516 ExecuteKernel] Non-zero status code returned while running Conv node. Name:'' Status Message: kernel_shape is not compatible with W shape. kernel_shape: {11,11} W: {10,10,11,9} channels_last: 0[m
[1;31m2026-06-12 13:25:25.975619 [E:onnxruntime:, sequential_executor.cc:516 ExecuteKernel] Non-zero status code returned while running Conv node. Name:'' Status Message: kernel_shape is not compatible with W shape. kernel_shape: {11,11} W: {10,10,11,9} channels_last: 0[m
[1;31m2026-06-12 13:25:34.186251 [E:onnxruntime:, sequential_executor.cc:516 ExecuteKernel] Non-zero status code returned while running Conv node. Name:'' Status Message: kernel_shape is not compatible with W shape. kernel_shape: {3,3} W: {10,10,3,7} channels_last: 0[m
[1;31m2026-06-12 13:25:34.188127 [E:onnxruntime:, sequential_executor.cc:516 ExecuteKernel] Non-zero status code returned while running Conv node. Name:'' Status Message: kernel_shape is not compatible with W shape. kernel_shape: {3,3} W: {10,10,3,7} channels_last: 0[m
[1;31m2026-06-12 13:25:34.190009 [E:onnxruntime:, sequential_executor.cc:516 ExecuteKernel] Non-zero status code returned while running Conv node. Name:'' Status Message: kernel_shape is not compatible with W shape. kernel_shape: {3,3} W: {10,10,3,7} channels_last: 0[m
[1;31m2026-06-12 13:25:34.191924 [E:onnxruntime:, sequential_executor.cc:516 ExecuteKernel] Non-zero status code returned while running Conv node. Name:'' Status Message: kernel_shape is not compatible with W shape. kernel_shape: {3,3} W: {10,10,3,7} channels_last: 0[m
[1;31m2026-06-12 13:25:34.193638 [E:onnxruntime:, sequential_executor.cc:516 ExecuteKernel] Non-zero status code returned while running Conv node. Name:'' Status Message: kernel_shape is not compatible with W shape. kernel_shape: {3,3} W: {10,10,3,7} channels_last: 0[m
[1;31m2026-06-12 13:25:34.194869 [E:onnxruntime:, sequential_executor.cc:516 ExecuteKernel] Non-zero status code returned while running Conv node. Name:'' Status Message: kernel_shape is not compatible with W shape. kernel_shape: {3,3} W: {10,10,3,9} channels_last: 0[m
[1;31m2026-06-12 13:25:34.196441 [E:onnxruntime:, sequential_executor.cc:516 ExecuteKernel] Non-zero status code returned while running Conv node. Name:'' Status Message: kernel_shape is not compatible with W shape. kernel_shape: {3,3} W: {10,10,3,11} channels_last: 0[m
[1;31m2026-06-12 13:25:34.198190 [E:onnxruntime:, sequential_executor.cc:516 ExecuteKernel] Non-zero status code returned while running Conv node. Name:'' Status Message: kernel_shape is not compatible with W shape. kernel_shape: {3,3} W: {10,10,3,7} channels_last: 0[m
[1;31m2026-06-12 13:25:34.199324 [E:onnxruntime:, sequential_executor.cc:516 ExecuteKernel] Non-zero status code returned while running Conv node. Name:'' Status Message: kernel_shape is not compatible with W shape. kernel_shape: {3,3} W: {10,10,3,9} channels_last: 0[m
[1;31m2026-06-12 13:25:34.200674 [E:onnxruntime:, sequential_executor.cc:516 ExecuteKernel] Non-zero status code returned while running Conv node. Name:'' Status Message: kernel_shape is not compatible with W shape. kernel_shape: {3,3} W: {10,10,3,11} channels_last: 0[m
[1;31m2026-06-12 13:25:34.202350 [E:onnxruntime:, sequential_executor.cc:516 ExecuteKernel] Non-zero status code returned while running Conv node. Name:'' Status Message: kernel_shape is not compatible with W shape. kernel_shape: {3,3} W: {10,10,3,7} channels_last: 0[m
[1;31m2026-06-12 13:25:34.203706 [E:onnxruntime:, sequential_executor.cc:516 ExecuteKernel] Non-zero status code returned while running Conv node. Name:'' Status Message: kernel_shape is not compatible with W shape. kernel_shape: {3,3} W: {10,10,3,9} channels_last: 0[m
[1;31m2026-06-12 13:25:34.205199 [E:onnxruntime:, sequential_executor.cc:516 ExecuteKernel] Non-zero status code returned while running Conv node. Name:'' Status Message: kernel_shape is not compatible with W shape. kernel_shape: {3,3} W: {10,10,3,11} channels_last: 0[m
[1;31m2026-06-12 13:25:34.206897 [E:onnxruntime:, sequential_executor.cc:516 ExecuteKernel] Non-zero status code returned while running Conv node. Name:'' Status Message: kernel_shape is not compatible with W shape. kernel_shape: {3,3} W: {10,10,3,7} channels_last: 0[m
[1;31m2026-06-12 13:25:34.208130 [E:onnxruntime:, sequential_executor.cc:516 ExecuteKernel] Non-zero status code returned while running Conv node. Name:'' Status Message: kernel_shape is not compatible with W shape. kernel_shape: {3,3} W: {10,10,3,9} channels_last: 0[m
[1;31m2026-06-12 13:25:34.209584 [E:onnxruntime:, sequential_executor.cc:516 ExecuteKernel] Non-zero status code returned while running Conv node. Name:'' Status Message: kernel_shape is not compatible with W shape. kernel_shape: {3,3} W: {10,10,3,11} channels_last: 0[m
[1;31m2026-06-12 13:25:34.218795 [E:onnxruntime:, sequential_executor.cc:516 ExecuteKernel] Non-zero status code returned while running Conv node. Name:'' Status Message: kernel_shape is not compatible with W shape. kernel_shape: {3,3} W: {10,10,3,7} channels_last: 0[m
[1;31m2026-06-12 13:25:34.220439 [E:onnxruntime:, sequential_executor.cc:516 ExecuteKernel] Non-zero status code returned while running Conv node. Name:'' Status Message: kernel_shape is not compatible with W shape. kernel_shape: {3,3} W: {10,10,3,7} channels_last: 0[m
[1;31m2026-06-12 13:25:34.222018 [E:onnxruntime:, sequential_executor.cc:516 ExecuteKernel] Non-zero status code returned while running Conv node. Name:'' Status Message: kernel_shape is not compatible with W shape. kernel_shape: {3,3} W: {10,10,3,7} channels_last: 0[m
[1;31m2026-06-12 13:25:34.223704 [E:onnxruntime:, sequential_executor.cc:516 ExecuteKernel] Non-zero status code returned while running Conv node. Name:'' Status Message: kernel_shape is not compatible with W shape. kernel_shape: {3,3} W: {10,10,3,7} channels_last: 0[m
[1;31m2026-06-12 13:25:34.225557 [E:onnxruntime:, sequential_executor.cc:516 ExecuteKernel] Non-zero status code returned while running Conv node. Name:'' Status Message: kernel_shape is not compatible with W shape. kernel_shape: {3,3} W: {10,10,3,7} channels_last: 0[m
[1;31m2026-06-12 13:25:34.226787 [E:onnxruntime:, sequential_executor.cc:516 ExecuteKernel] Non-zero status code returned while running Conv node. Name:'' Status Message: kernel_shape is not compatible with W shape. kernel_shape: {3,3} W: {10,10,3,9} channels_last: 0[m
[1;31m2026-06-12 13:25:34.228254 [E:onnxruntime:, sequential_executor.cc:516 ExecuteKernel] Non-zero status code returned while running Conv node. Name:'' Status Message: kernel_shape is not compatible with W shape. kernel_shape: {3,3} W: {10,10,3,11} channels_last: 0[m
[1;31m2026-06-12 13:25:34.229955 [E:onnxruntime:, sequential_executor.cc:516 ExecuteKernel] Non-zero status code returned while running Conv node. Name:'' Status Message: kernel_shape is not compatible with W shape. kernel_shape: {3,3} W: {10,10,3,7} channels_last: 0[m
[1;31m2026-06-12 13:25:34.231077 [E:onnxruntime:, sequential_executor.cc:516 ExecuteKernel] Non-zero status code returned while running Conv node. Name:'' Status Message: kernel_shape is not compatible with W shape. kernel_shape: {3,3} W: {10,10,3,9} channels_last: 0[m
[1;31m2026-06-12 13:25:34.232401 [E:onnxruntime:, sequential_executor.cc:516 ExecuteKernel] Non-zero status code returned while running Conv node. Name:'' Status Message: kernel_shape is not compatible with W shape. kernel_shape: {3,3} W: {10,10,3,11} channels_last: 0[m
[1;31m2026-06-12 13:25:34.234010 [E:onnxruntime:, sequential_executor.cc:516 ExecuteKernel] Non-zero status code returned while running Conv node. Name:'' Status Message: kernel_shape is not compatible with W shape. kernel_shape: {3,3} W: {10,10,3,7} channels_last: 0[m
[1;31m2026-06-12 13:25:34.235188 [E:onnxruntime:, sequential_executor.cc:516 ExecuteKernel] Non-zero status code returned while running Conv node. Name:'' Status Message: kernel_shape is not compatible with W shape. kernel_shape: {3,3} W: {10,10,3,9} channels_last: 0[m
[1;31m2026-06-12 13:25:34.236637 [E:onnxruntime:, sequential_executor.cc:516 ExecuteKernel] Non-zero status code returned while running Conv node. Name:'' Status Message: kernel_shape is not compatible with W shape. kernel_shape: {3,3} W: {10,10,3,11} channels_last: 0[m
[1;31m2026-06-12 13:25:34.238344 [E:onnxruntime:, sequential_executor.cc:516 ExecuteKernel] Non-zero status code returned while running Conv node. Name:'' Status Message: kernel_shape is not compatible with W shape. kernel_shape: {3,3} W: {10,10,3,7} channels_last: 0[m
[1;31m2026-06-12 13:25:34.239452 [E:onnxruntime:, sequential_executor.cc:516 ExecuteKernel] Non-zero status code returned while running Conv node. Name:'' Status Message: kernel_shape is not compatible with W shape. kernel_shape: {3,3} W: {10,10,3,9} channels_last: 0[m
[1;31m2026-06-12 13:25:34.240761 [E:onnxruntime:, sequential_executor.cc:516 ExecuteKernel] Non-zero status code returned while running Conv node. Name:'' Status Message: kernel_shape is not compatible with W shape. kernel_shape: {3,3} W: {10,10,3,11} channels_last: 0[m
[1;31m2026-06-12 13:25:36.282132 [E:onnxruntime:, sequential_executor.cc:516 ExecuteKernel] Non-zero status code returned while running Conv node. Name:'' Status Message: kernel_shape is not compatible with W shape. kernel_shape: {11,11} W: {10,10,11,7} channels_last: 0[m
[1;31m2026-06-12 13:25:36.297087 [E:onnxruntime:, sequential_executor.cc:516 ExecuteKernel] Non-zero status code returned while running Conv node. Name:'' Status Message: kernel_shape is not compatible with W shape. kernel_shape: {11,11} W: {10,10,11,7} channels_last: 0[m
[1;31m2026-06-12 13:25:36.311606 [E:onnxruntime:, sequential_executor.cc:516 ExecuteKernel] Non-zero status code returned while running Conv node. Name:'' Status Message: kernel_shape is not compatible with W shape. kernel_shape: {11,11} W: {10,10,11,7} channels_last: 0[m
[1;31m2026-06-12 13:25:36.328812 [E:onnxruntime:, sequential_executor.cc:516 ExecuteKernel] Non-zero status code returned while running Conv node. Name:'' Status Message: kernel_shape is not compatible with W shape. kernel_shape: {11,11} W: {10,10,11,7} channels_last: 0[m
[1;31m2026-06-12 13:25:36.375114 [E:onnxruntime:, sequential_executor.cc:516 ExecuteKernel] Non-zero status code returned while running Conv node. Name:'' Status Message: kernel_shape is not compatible with W shape. kernel_shape: {11,11} W: {10,10,11,7} channels_last: 0[m
[1;31m2026-06-12 13:25:36.390031 [E:onnxruntime:, sequential_executor.cc:516 ExecuteKernel] Non-zero status code returned while running Conv node. Name:'' Status Message: kernel_shape is not compatible with W shape. kernel_shape: {11,11} W: {10,10,11,7} channels_last: 0[m
[1;31m2026-06-12 13:25:36.404003 [E:onnxruntime:, sequential_executor.cc:516 ExecuteKernel] Non-zero status code returned while running Conv node. Name:'' Status Message: kernel_shape is not compatible with W shape. kernel_shape: {11,11} W: {10,10,11,7} channels_last: 0[m
[1;31m2026-06-12 13:25:36.418501 [E:onnxruntime:, sequential_executor.cc:516 ExecuteKernel] Non-zero status code returned while running Conv node. Name:'' Status Message: kernel_shape is not compatible with W shape. kernel_shape: {11,11} W: {10,10,11,7} channels_last: 0[m
/Users/ilakkmanoharan2026/Library/Python/3.9/lib/python/site-packages/urllib3/__init__.py:35: NotOpenSSLWarning: urllib3 v2 only supports OpenSSL 1.1.1+, currently the 'ssl' module is compiled with 'LibreSSL 2.8.3'. See: https://github.com/urllib3/urllib3/issues/3020
  warnings.warn(
  0%|          | 0.00/1.15M [00:00<?, ?B/s]  1%|▏         | 16.0k/1.15M [00:00<00:12, 95.4kB/s] 38%|███▊      | 448k/1.15M [00:00<00:00, 2.00MB/s] 100%|██████████| 1.15M/1.15M [00:00<00:00, 1.55MB/s]
Successfully submitted to The 2026 NeuroGolf Championship=== Phase 6 ===
Config: PhaseConfig(level=6, calibrated_cost=True, cost_gate_min_score=8.0, max_kernel=7, content_normalize=True, conv_sparsify=True, prefer_structural=True, extended_analytical=True, family_solvers=True, composition_depth=3, conv_v2=True, unsolved_budget=90.0, unsolved_max_kernel=11, second_pass=True, arcgen_validation=True, cost_audit=True)
======================================================================
Task   1: UNSOLVED
Task   2: UNSOLVED
Task   3: UNSOLVED
Task   4: conv_var             cost= 2,370,519 score=10.3
Task   5: UNSOLVED
Task   6: conv_diff            cost=   150,423 score=13.1
Task   7: conv_fixed           cost=   349,890 score=12.2
Task   8: conv_v2              cost=11,058,519 score=8.8
Task   9: UNSOLVED
Task  10: conv_v2              cost=   782,002 score=11.4
Task  11: conv_v2              cost= 1,106,202 score=11.1
Task  12: conv_fixed           cost=   458,235 score=12.0
Task  13: UNSOLVED
Task  14: UNSOLVED
Task  15: conv_fixed           cost=   162,802 score=13.0
Task  16: color_map            cost=   162,500 score=13.0
Task  17: conv_fixed           cost= 2,273,322 score=10.4
Task  18: conv_v2              cost=11,058,519 score=8.8
Task  19: UNSOLVED
Task  20: conv_fixed           cost=   347,991 score=12.2
Task  21: UNSOLVED
Task  22: conv_diff            cost=   400,523 score=12.1
Task  23: UNSOLVED
Task  24: conv_v2              cost= 7,438,519 score=9.2
Task  25: UNSOLVED
Task  26: conv_diff            cost=   185,383 score=12.9
Task  27: UNSOLVED
Task  28: UNSOLVED
Task  29: UNSOLVED
Task  30: conv_var             cost= 4,542,519 score=9.7
Task  31: UNSOLVED
Task  32: conv_var             cost= 2,370,519 score=10.3
Task  33: conv_v2              cost= 2,468,130 score=10.3
Task  34: conv_v2              cost= 1,126,002 score=11.1
Task  35: conv_v2              cost=   935,991 score=11.3
Task  36: UNSOLVED
Task  37: conv_fixed           cost=   599,991 score=11.7
Task  38: conv_diff            cost=   300,439 score=12.4
Task  39: conv_diff            cost=   348,002 score=12.2
Task  40: conv_fixed           cost=   599,991 score=11.7
Task  41: conv_fixed           cost=   347,991 score=12.2
Task  42: UNSOLVED
Task  43: UNSOLVED
Task  44: conv_fixed           cost=   599,991 score=11.7
Task  45: conv_v2              cost=   935,991 score=11.3
Task  46: UNSOLVED
Task  47: conv_v2              cost= 1,126,002 score=11.1
Task  48: UNSOLVED
Task  49: UNSOLVED
Task  50: UNSOLVED
Task  51: UNSOLVED
Task  52: conv_fixed           cost=    97,930 score=13.5
Task  53: conv_fixed           cost=   120,330 score=13.3
Task  54: UNSOLVED
Task  55: UNSOLVED
Task  56: conv_diff            cost=    98,163 score=13.5
Task  57: conv_diff            cost=   423,485 score=12.0
Task  58: UNSOLVED
Task  59: conv_v2              cost= 1,106,202 score=11.1
Task  60: UNSOLVED
Task  61: conv_v2              cost= 2,751,895 score=10.2
Task  62: conv_fixed           cost=   599,991 score=11.7
Task  63: UNSOLVED
Task  64: UNSOLVED
Task  65: UNSOLVED
Task  66: UNSOLVED
Task  67: UNSOLVED
Task  68: conv_fixed           cost=   599,991 score=11.7
Task  69: conv_fixed           cost=   599,991 score=11.7
Task  70: conv_v2              cost= 2,468,130 score=10.3
Task  71: conv_fixed           cost=   738,987 score=11.5
Task  72: UNSOLVED
Task  73: conv_fixed           cost=   232,266 score=12.6
Task  74: UNSOLVED
Task  75: UNSOLVED
Task  76: UNSOLVED
Task  77: conv_v2              cost=11,058,519 score=8.8
Task  78: conv_v2              cost=   935,991 score=11.3
Task  79: conv_diff            cost=   588,098 score=11.7
Task  80: UNSOLVED
Task  81: conv_fixed           cost=   220,290 score=12.7
Task  82: conv_v2              cost=11,058,519 score=8.8
Task  83: UNSOLVED
Task  84: UNSOLVED
Task  85: UNSOLVED
Task  86: conv_var             cost= 4,542,519 score=9.7
Task  87: conv_fixed           cost=    97,930 score=13.5
Task  88: UNSOLVED
Task  89: conv_v2              cost= 2,191,290 score=10.4
Task  90: UNSOLVED
Task  91: UNSOLVED
Task  92: conv_v2              cost=11,058,519 score=8.8
Task  93: conv_v2              cost= 2,518,167 score=10.3
Task  94: UNSOLVED
Task  95: conv_fixed           cost=   162,802 score=13.0
Task  96: UNSOLVED
Task  97: conv_v2              cost=11,058,519 score=8.8
Task  98: conv_var             cost= 4,542,519 score=9.7
Task  99: conv_fixed           cost=   599,991 score=11.7
Task 100: conv_diff            cost=   180,067 score=12.9
Task 101: UNSOLVED
Task 102: UNSOLVED
Task 103: conv_diff            cost=    98,163 score=13.5
Task 104: UNSOLVED
Task 105: UNSOLVED
Task 106: UNSOLVED
Task 107: UNSOLVED
Task 108: UNSOLVED
Task 109: UNSOLVED
Task 110: conv_v2              cost= 6,943,962 score=9.2
Task 111: conv_diff            cost=   348,002 score=12.2
Task 112: UNSOLVED
Task 113: UNSOLVED
Task 114: UNSOLVED
Task 115: UNSOLVED
Task 116: UNSOLVED
Task 117: conv_v2              cost=11,058,519 score=8.8
Task 118: UNSOLVED
Task 119: UNSOLVED
Task 120: conv_var             cost=   922,519 score=11.3
Task 121: conv_diff            cost=   938,171 score=11.2
Task 122: conv_var             cost= 4,542,519 score=9.7
Task 123: UNSOLVED
Task 124: UNSOLVED
Task 125: UNSOLVED
Task 126: conv_var             cost= 4,542,519 score=9.7
Task 127: conv_var             cost=   922,519 score=11.3
Task 128: UNSOLVED
Task 129: conv_fixed           cost=    97,930 score=13.5
Task 130: conv_diff            cost=   162,883 score=13.0
Task 131: conv_v2              cost=11,058,519 score=8.8
Task 132: conv_v2              cost= 7,438,519 score=9.2
Task 133: UNSOLVED
Task 134: UNSOLVED
Task 135: conv_diff            cost=   162,883 score=13.0
Task 136: conv_v2              cost= 1,355,991 score=10.9
Task 137: UNSOLVED
Task 138: UNSOLVED
Task 139: conv_fixed           cost=   506,802 score=11.9
Task 140: conv_fixed           cost=    97,930 score=13.5
Task 141: UNSOLVED
Task 142: UNSOLVED
Task 143: conv_fixed           cost=   599,991 score=11.7
Task 144: conv_diff            cost=   286,295 score=12.4
Task 145: UNSOLVED
Task 146: conv_diff            cost=   114,229 score=13.4
Task 147: conv_var             cost= 2,370,519 score=10.3
Task 148: UNSOLVED
Task 149: conv_diff            cost=   702,923 score=11.5
Task 150: conv_var             cost= 2,370,519 score=10.3
Task 151: conv_var             cost= 2,370,519 score=10.3
Task 152: UNSOLVED
Task 153: conv_diff            cost=   348,002 score=12.2
Task 154: conv_v2              cost= 2,869,266 score=10.1
Task 155: conv_var             cost= 2,370,519 score=10.3
Task 156: conv_v2              cost=   935,991 score=11.3
Task 157: conv_v2              cost= 1,961,241 score=10.5
Task 158: UNSOLVED
Task 159: UNSOLVED
Task 160: conv_fixed           cost=   347,991 score=12.2
Task 161: conv_v2              cost=11,058,519 score=8.8
Task 162: UNSOLVED
Task 163: conv_fixed           cost=   703,002 score=11.5
Task 164: UNSOLVED
Task 165: UNSOLVED
Task 166: conv_v2              cost=11,058,519 score=8.8
Task 167: conv_fixed           cost=   120,330 score=13.3
Task 168: conv_v2              cost=   935,991 score=11.3
Task 169: conv_v2              cost= 1,355,991 score=10.9
Task 170: UNSOLVED
Task 171: conv_var             cost=   922,519 score=11.3
Task 172: UNSOLVED
Task 173: UNSOLVED
Task 174: UNSOLVED
Task 175: conv_v2              cost= 3,700,522 score=9.9
Task 176: UNSOLVED
Task 177: UNSOLVED
Task 178: UNSOLVED
Task 179: transpose            cost=    72,900 score=13.8
Task 180: conv_diff            cost=   423,523 score=12.0
Task 181: conv_v2              cost=   563,185 score=11.8
Task 182: UNSOLVED
Task 183: UNSOLVED
Task 184: UNSOLVED
Task 185: UNSOLVED
Task 186: UNSOLVED
Task 187: UNSOLVED
Task 188: UNSOLVED
Task 189: conv_diff            cost=   506,820 score=11.9
Task 190: conv_v2              cost= 1,355,991 score=10.9
Task 191: UNSOLVED
Task 192: conv_var             cost=   922,519 score=11.3
Task 193: conv_var             cost= 2,370,519 score=10.3
Task 194: UNSOLVED
Task 195: UNSOLVED
Task 196: UNSOLVED
Task 197: UNSOLVED
Task 198: UNSOLVED
Task 199: conv_v2              cost=11,058,519 score=8.8
Task 200: UNSOLVED
Task 201: UNSOLVED
Task 202: conv_v2              cost=11,058,519 score=8.8
Task 203: conv_var             cost= 4,542,519 score=9.7
Task 204: UNSOLVED
Task 205: UNSOLVED
Task 206: conv_var             cost= 4,542,519 score=9.7
Task 207: conv_diff            cost=   112,492 score=13.4
Task 208: UNSOLVED
Task 209: UNSOLVED
Task 210: UNSOLVED
Task 211: UNSOLVED
Task 212: conv_v2              cost=   935,991 score=11.3
Task 213: UNSOLVED
Task 214: UNSOLVED
Task 215: UNSOLVED
Task 216: UNSOLVED
Task 217: UNSOLVED
Task 218: UNSOLVED
Task 219: UNSOLVED
Task 220: conv_var             cost=   922,519 score=11.3
Task 221: UNSOLVED
Task 222: conv_fixed           cost= 1,365,387 score=10.9
Task 223: UNSOLVED
Task 224: conv_v2              cost= 7,438,519 score=9.2
Task 225: conv_fixed           cost=   187,767 score=12.9
Task 226: UNSOLVED
Task 227: conv_diff            cost=   266,691 score=12.5
Task 228: conv_fixed           cost=   347,991 score=12.2
Task 229: conv_fixed           cost=    97,930 score=13.5
Task 230: conv_var             cost=   922,519 score=11.3
Task 231: UNSOLVED
Task 232: conv_v2              cost=11,058,519 score=8.8
Task 233: UNSOLVED
Task 234: conv_v2              cost=11,058,519 score=8.8
Task 235: UNSOLVED
Task 236: conv_diff            cost=   286,295 score=12.4
Task 237: conv_v2              cost= 7,438,519 score=9.2
Task 238: UNSOLVED
Task 239: UNSOLVED
Task 240: UNSOLVED
Task 241: transpose            cost=    72,900 score=13.8
Task 242: conv_diff            cost=   320,558 score=12.3
Task 243: conv_v2              cost= 7,438,519 score=9.2
Task 244: UNSOLVED
Task 245: conv_v2              cost=11,058,519 score=8.8
Task 246: UNSOLVED
Task 247: UNSOLVED
Task 248: UNSOLVED
Task 249: UNSOLVED
Task 250: conv_v2              cost=   935,991 score=11.3
Task 251: conv_v2              cost= 7,438,519 score=9.2
Task 252: conv_v2              cost=11,058,519 score=8.8
Task 253: conv_diff            cost=   938,128 score=11.2
Task 254: conv_v2              cost=   782,002 score=11.4
Task 255: UNSOLVED
Task 256: conv_v2              cost= 7,438,519 score=9.2
Task 257: conv_diff            cost=   506,840 score=11.9
Task 258: conv_var             cost=   922,519 score=11.3
Task 259: UNSOLVED
Task 260: conv_v2              cost=   935,991 score=11.3
Task 261: conv_var             cost= 4,542,519 score=9.7
Task 262: UNSOLVED
Task 263: UNSOLVED
Task 264: UNSOLVED
Task 265: UNSOLVED
Task 266: conv_fixed           cost=   103,276 score=13.5
Task 267: conv_var             cost= 4,542,519 score=9.7
Task 268: conv_v2              cost= 7,438,519 score=9.2
Task 269: UNSOLVED
Task 270: conv_v2              cost= 2,869,266 score=10.1
Task 271: conv_diff            cost=   300,483 score=12.4
Task 272: conv_var             cost=   922,519 score=11.3
Task 273: UNSOLVED
Task 274: UNSOLVED
Task 275: UNSOLVED
Task 276: color_map            cost=   162,500 score=13.0
Task 277: UNSOLVED
Task 278: UNSOLVED
Task 279: UNSOLVED
Task 280: UNSOLVED
Task 281: conv_v2              cost=11,058,519 score=8.8
Task 282: conv_fixed           cost=   162,802 score=13.0
Task 283: conv_fixed           cost=   599,991 score=11.7
Task 284: UNSOLVED
Task 285: UNSOLVED
Task 286: UNSOLVED
Task 287: conv_v2              cost= 2,200,587 score=10.4
Task 288: conv_var             cost= 4,542,519 score=9.7
Task 289: UNSOLVED
Task 290: UNSOLVED
Task 291: UNSOLVED
Task 292: UNSOLVED
Task 293: conv_var             cost= 2,370,519 score=10.3
Task 294: conv_fixed           cost=   179,991 score=12.9
Task 295: UNSOLVED
Task 296: conv_diff            cost=   185,437 score=12.9
Task 297: UNSOLVED
Task 298: conv_var             cost=   922,519 score=11.3
Task 299: conv_fixed           cost=   286,167 score=12.4
Task 300: UNSOLVED
Task 301: conv_var             cost= 2,370,519 score=10.3
Task 302: UNSOLVED
Task 303: UNSOLVED
Task 304: UNSOLVED
Task 305: conv_fixed           cost= 1,365,387 score=10.9
Task 306: UNSOLVED
Task 307: UNSOLVED
Task 308: UNSOLVED
Task 309: color_map            cost=   162,500 score=13.0
Task 310: UNSOLVED
Task 311: UNSOLVED
Task 312: conv_v2              cost= 1,888,635 score=10.5
Task 313: UNSOLVED
Task 314: conv_fixed           cost=   423,435 score=12.0
Task 315: UNSOLVED
Task 316: conv_diff            cost=   348,002 score=12.2
Task 317: conv_fixed           cost=   162,802 score=13.0
Task 318: conv_diff            cost=   187,895 score=12.9
Task 319: UNSOLVED
Task 320: conv_v2              cost= 7,438,519 score=9.2
Task 321: conv_diff            cost=   384,315 score=12.1
Task 322: conv_fixed           cost=    97,930 score=13.5
Task 323: UNSOLVED
Task 324: UNSOLVED
Task 325: UNSOLVED
Task 326: UNSOLVED
Task 327: UNSOLVED
Task 328: UNSOLVED
Task 329: conv_var             cost=   922,519 score=11.3
Task 330: UNSOLVED
Task 331: conv_fixed           cost=   179,991 score=12.9
Task 332: UNSOLVED
Task 333: conv_fixed           cost=   599,991 score=11.7
Task 334: conv_diff            cost=   160,427 score=13.0
Task 335: UNSOLVED
Task 336: conv_v2              cost= 1,355,991 score=10.9
Task 337: color_map            cost=   162,500 score=13.0
Task 338: UNSOLVED
Task 339: UNSOLVED
Task 340: conv_v2              cost= 7,438,519 score=9.2
Task 341: conv_v2              cost=   935,991 score=11.3
Task 342: conv_v2              cost=   935,991 score=11.3
Task 343: UNSOLVED
Task 344: conv_var             cost= 2,370,519 score=10.3
Task 345: conv_v2              cost= 1,355,991 score=10.9
Task 346: UNSOLVED
Task 347: conv_diff            cost=   142,920 score=13.1
Task 348: conv_var             cost= 4,542,519 score=9.7
Task 349: UNSOLVED
Task 350: UNSOLVED
Task 351: conv_diff            cost=   738,094 score=11.5
Task 352: conv_var             cost=   922,519 score=11.3
Task 353: conv_v2              cost= 7,438,519 score=9.2
Task 354: conv_v2              cost=   935,991 score=11.3
Task 355: UNSOLVED
Task 356: conv_v2              cost= 1,355,991 score=10.9
Task 357: UNSOLVED
Task 358: UNSOLVED
Task 359: conv_var             cost= 2,370,519 score=10.3
Task 360: conv_diff            cost=   322,853 score=12.3
Task 361: conv_fixed           cost=   347,991 score=12.2
Task 362: conv_fixed           cost=   599,991 score=11.7
Task 363: conv_v2              cost=   935,991 score=11.3
Task 364: UNSOLVED
Task 365: UNSOLVED
Task 366: UNSOLVED
Task 367: UNSOLVED
Task 368: conv_v2              cost=   935,991 score=11.3
Task 369: conv_v2              cost= 1,355,991 score=10.9
Task 370: conv_v2              cost=11,058,519 score=8.8
Task 371: conv_v2              cost=11,058,519 score=8.8
Task 372: conv_diff            cost=   702,829 score=11.5
Task 373: UNSOLVED
Task 374: UNSOLVED
Task 375: conv_var             cost= 4,542,519 score=9.7
Task 376: UNSOLVED
Task 377: UNSOLVED
Task 378: conv_v2              cost=11,058,519 score=8.8
Task 379: UNSOLVED
Task 380: conv_fixed           cost=    97,930 score=13.5
Task 381: conv_v2              cost= 1,355,991 score=10.9
Task 382: UNSOLVED
Task 383: UNSOLVED
Task 384: UNSOLVED
Task 385: UNSOLVED
Task 386: conv_diff            cost=   167,903 score=13.0
Task 387: UNSOLVED
Task 388: UNSOLVED
Task 389: conv_var             cost=   922,519 score=11.3
Task 390: UNSOLVED
Task 391: UNSOLVED
Task 392: conv_v2              cost=   935,991 score=11.3
Task 393: conv_diff            cost=   458,100 score=12.0
Task 394: UNSOLVED
Task 395: conv_diff            cost=   142,920 score=13.1
Task 396: UNSOLVED
Task 397: conv_fixed           cost=   599,991 score=11.7
Task 398: UNSOLVED
Task 399: UNSOLVED
Task 400: conv_diff            cost= 2,932,814 score=10.1

--- Second pass: 201 unsolved tasks ---

Solved: 199/400 in 148s
Estimated total score: 2229.7
  conv_v2: 72
  conv_fixed: 46
  conv_diff: 40
  conv_var: 35
  color_map: 4
  transpose: 2
Created phases/phase6/submission.zip: 199 files, 1174 KB

Results written to phases/phase6/results.json
Submitting: /Users/ilakkmanoharan2026/Library/Python/3.9/bin/kaggle competitions submit -c neurogolf-2026 -f phases/phase6/submission.zip -m ARC-Genome Phase 6: 199/400 solved
